<?xml version="1.0" encoding="UTF-8"?>
<!-- Generated by org.testng.reporters.JUnitReportReporter -->
<testsuite skipped="0" hostname="Dhruba" name="gridTesting.Node2" tests="2" failures="0" timestamp="26 Nov 2018 20:08:17 GMT" time="22.731" errors="0">
  <testcase name="initialize" time="21.678" classname="gridTesting.Node2"/>
  <testcase name="tearDown" time="1.053" classname="gridTesting.Node2"/>
</testsuite> <!-- gridTesting.Node2 -->
