<?xml version="1.0" encoding="UTF-8"?>
<!-- Generated by org.testng.reporters.JUnitReportReporter -->
<testsuite skipped="0" hostname="Dhruba" name="gridTesting.Node3" tests="2" failures="0" timestamp="26 Nov 2018 20:08:17 GMT" time="12.528" errors="0">
  <testcase name="initialize" time="9.570" classname="gridTesting.Node3"/>
  <testcase name="tearDown" time="2.958" classname="gridTesting.Node3"/>
</testsuite> <!-- gridTesting.Node3 -->
