<?xml version="1.0" encoding="UTF-8"?>
<!-- Generated by org.testng.reporters.JUnitReportReporter -->
<testsuite skipped="0" hostname="Dhruba" name="testinggridsaucelab.DatabaseConnection" tests="1" failures="0" timestamp="27 Nov 2018 00:55:12 GMT" time="0.902" errors="0">
  <testcase name="connection" time="0.902" classname="testinggridsaucelab.DatabaseConnection"/>
</testsuite> <!-- testinggridsaucelab.DatabaseConnection -->
