<?xml version="1.0" encoding="UTF-8"?>
<!-- Generated by org.testng.reporters.JUnitReportReporter -->
<testsuite skipped="0" hostname="Dhruba" name="gridTesting.Node1" tests="2" failures="0" timestamp="26 Nov 2018 20:08:17 GMT" time="18.043" errors="0">
  <testcase name="execution" time="15.552" classname="gridTesting.Node1"/>
  <testcase name="tearDown" time="2.491" classname="gridTesting.Node1"/>
</testsuite> <!-- gridTesting.Node1 -->
