<?xml version="1.0" encoding="UTF-8"?>
<!-- Generated by org.testng.reporters.JUnitReportReporter -->
<testsuite skipped="0" hostname="Dhruba" name="Arrays.GridTest1" tests="1" failures="0" timestamp="26 Nov 2018 20:24:24 GMT" time="11.811" errors="0">
  <testcase name="login" time="11.811" classname="Arrays.GridTest1"/>
</testsuite> <!-- Arrays.GridTest1 -->
