<?xml version="1.0" encoding="UTF-8"?>
<!-- Generated by org.testng.reporters.JUnitReportReporter -->
<testsuite skipped="0" hostname="Dhruba" name="gridTesting.Node4" tests="2" failures="0" timestamp="26 Nov 2018 20:08:17 GMT" time="20.970" errors="0">
  <testcase name="initialize" time="19.348" classname="gridTesting.Node4"/>
  <testcase name="tearDown" time="1.622" classname="gridTesting.Node4"/>
</testsuite> <!-- gridTesting.Node4 -->
