<?xml version="1.0" encoding="UTF-8"?>
<!-- Generated by org.testng.reporters.JUnitReportReporter -->
<testsuite skipped="0" hostname="Dhruba" name="Arrays.GridTest" tests="1" failures="0" timestamp="26 Nov 2018 20:22:10 GMT" time="10.330" errors="0">
  <testcase name="login" time="10.330" classname="Arrays.GridTest"/>
</testsuite> <!-- Arrays.GridTest -->
