<?xml version="1.0" encoding="UTF-8"?>
<!-- Generated by org.testng.reporters.JUnitReportReporter -->
<testsuite skipped="0" hostname="Dhruba" name="testinggridsaucelab.DemoSaucelab" tests="1" failures="0" timestamp="26 Nov 2018 21:19:15 GMT" time="49.895" errors="0">
  <testcase name="initialize" time="49.895" classname="testinggridsaucelab.DemoSaucelab"/>
</testsuite> <!-- testinggridsaucelab.DemoSaucelab -->
